2023.11.10 15:14:27 INFO  Started: Metals version 1.1.0 in folders '/Users/jjpseno/Documents/FULLPROJ/PekkoAuth' for client Visual Studio Code 1.74.3.
2023.11.10 15:14:31 ERROR Unexpected error initializing server: 
scala.concurrent.Future$$anon$2: Future.filter predicate is not satisfied

2023.11.10 15:14:38 INFO  no build target found for /Users/jjpseno/Documents/FULLPROJ/PekkoAuth/pekkoauth-server/app/controllers/HomeController.scala. Using presentation compiler with project's scala-library version: 3.3.1
Nov 10, 2023 3:21:03 PM org.eclipse.lsp4j.jsonrpc.RemoteEndpoint handleCancellation
WARNING: Unmatched cancel notification for request id 58
2023.11.10 15:21:07 WARN  no build target for: /Users/jjpseno/Documents/FULLPROJ/PekkoAuth/pekkoauth-server/app/controllers/HomeController.scala
2023.11.10 15:22:25 WARN  Using indexes to guess the definition of helloActor
2023.11.10 15:22:25 WARN  Using indexes to guess the definition of helloActor
2023.11.10 15:22:27 WARN  no build target for: /Users/jjpseno/Documents/FULLPROJ/PekkoAuth/pekkoauth-server/app/controllers/HomeController.scala
Nov 10, 2023 3:22:27 PM org.eclipse.lsp4j.jsonrpc.RemoteEndpoint handleCancellation
WARNING: Unmatched cancel notification for request id 121
Exception in thread "pool-3-thread-1" java.lang.InterruptedException
	at scala.meta.internal.metals.FutureCancelToken.checkCanceled(FutureCancelToken.scala:29)
	at scala.meta.internal.pc.CompilerAccess.onCompilerJobQueue$$anonfun$1(CompilerAccess.scala:230)
	at scala.meta.internal.pc.CompilerJobQueue$Job.run(CompilerJobQueue.scala:152)
	at java.base/java.util.concurrent.ThreadPoolExecutor.runWorker(ThreadPoolExecutor.java:1144)
	at java.base/java.util.concurrent.ThreadPoolExecutor$Worker.run(ThreadPoolExecutor.java:642)
	at java.base/java.lang.Thread.run(Thread.java:1583)
Nov 10, 2023 3:22:28 PM org.eclipse.lsp4j.jsonrpc.RemoteEndpoint handleCancellation
WARNING: Unmatched cancel notification for request id 123
2023.11.10 15:23:00 WARN  no build target for: /Users/jjpseno/Documents/FULLPROJ/PekkoAuth/pekkoauth-server/app/actors/HelloActor.scala
2023.11.10 15:24:05 WARN  no build target for: /Users/jjpseno/Documents/FULLPROJ/PekkoAuth/pekkoauth-server/app/controllers/HomeController.scala
